\BOOKMARK [1][-]{section.1}{\376\377\000B\000r\000i\000e\000f\000\040\000I\000n\000t\000r\000o\000d\000u\000c\000t\000i\000o\000n\000\040\000t\000o\000\040\000L\000a\000t\000e\000x}{}% 1
\BOOKMARK [2][-]{subsection.1.1}{\376\377\000D\000o\000w\000n\000l\000o\000a\000d\000i\000n\000g\000\040\000T\000e\000x\000\040\000S\000t\000u\000d\000i\000o}{section.1}% 2
\BOOKMARK [2][-]{subsection.1.2}{\376\377\000S\000o\000u\000r\000c\000e\000\040\000C\000o\000d\000e\000\040\000a\000n\000d\000\040\000R\000e\000s\000u\000m\000e\000\040\000T\000e\000m\000p\000l\000a\000t\000e\000s}{section.1}% 3
\BOOKMARK [2][-]{subsection.1.3}{\376\377\000L\000a\000T\000e\000X\000\040\000F\000i\000l\000e\000s}{section.1}% 4
\BOOKMARK [3][-]{subsubsection.1.3.1}{\376\377\000L\000a\000T\000e\000X\000\040\000C\000o\000m\000m\000a\000n\000d\000s}{subsection.1.3}% 5
\BOOKMARK [2][-]{subsection.1.4}{\376\377\000G\000e\000n\000e\000r\000a\000l\000\040\000I\000t\000e\000m\000s}{section.1}% 6
\BOOKMARK [2][-]{subsection.1.5}{\376\377\000T\000e\000r\000m\000i\000n\000o\000l\000o\000g\000y\000\040\000t\000o\000\040\000K\000n\000o\000w}{section.1}% 7
\BOOKMARK [2][-]{subsection.1.6}{\376\377\000T\000e\000x\000\040\000S\000t\000u\000d\000i\000o\000\040\000C\000o\000m\000m\000a\000n\000d\000s}{section.1}% 8
\BOOKMARK [2][-]{subsection.1.7}{\376\377\000C\000r\000e\000a\000t\000i\000n\000g\000\040\000T\000e\000m\000p\000l\000a\000t\000e\000s}{section.1}% 9
\BOOKMARK [1][-]{section.2}{\376\377\000I\000n\000c\000l\000u\000d\000i\000n\000g\000\040\000a\000n\000d\000\040\000I\000n\000p\000u\000t\000i\000n\000g\000\040\000o\000t\000h\000e\000r\000\040\000F\000i\000l\000e\000s}{}% 10
\BOOKMARK [1][-]{section.3}{\376\377\000C\000r\000e\000a\000t\000i\000n\000g\000\040\000Y\000o\000u\000r\000\040\000D\000o\000c\000u\000m\000e\000n\000t\000\040\000\050\000C\000l\000a\000s\000s\000e\000s\000\051}{}% 11
\BOOKMARK [2][-]{subsection.3.1}{\376\377\000L\000e\000s\000s\000o\000n\000s}{section.3}% 12
\BOOKMARK [2][-]{subsection.3.2}{\376\377\000E\000x\000a\000m\000s}{section.3}% 13
\BOOKMARK [2][-]{subsection.3.3}{\376\377\000L\000e\000s\000s\000o\000n\000\040\000a\000n\000d\000\040\000E\000x\000a\000m\000\040\000F\000i\000l\000e\000\040\000S\000t\000r\000u\000c\000t\000u\000r\000e}{section.3}% 14
\BOOKMARK [2][-]{subsection.3.4}{\376\377\000N\000o\000r\000m\000a\000l\000\040\000C\000l\000a\000s\000s\000e\000s}{section.3}% 15
\BOOKMARK [3][-]{subsubsection.3.4.1}{\376\377\000G\000e\000n\000e\000r\000a\000l\000\040\000S\000t\000r\000u\000c\000t\000u\000r\000e\000\040\000o\000f\000\040\000N\000o\000r\000m\000a\000l\000\040\000D\000o\000c\000u\000m\000e\000n\000t\000s}{subsection.3.4}% 16
\BOOKMARK [2][-]{subsection.3.5}{\376\377\000B\000e\000g\000i\000n\000n\000i\000n\000g\000\040\000D\000o\000c\000u\000m\000e\000n\000t}{section.3}% 17
\BOOKMARK [2][-]{subsection.3.6}{\376\377\000S\000e\000c\000t\000i\000o\000n\000s\000\040\000a\000n\000d\000\040\000C\000h\000a\000p\000t\000e\000r\000s}{section.3}% 18
\BOOKMARK [3][-]{subsubsection.3.6.1}{\376\377\000A\000l\000t\000e\000r\000n\000a\000t\000e\000\040\000S\000e\000c\000t\000i\000o\000n\000i\000n\000g}{subsection.3.6}% 19
\BOOKMARK [1][-]{section.4}{\376\377\000S\000p\000a\000c\000i\000n\000g\000\040\000a\000n\000d\000\040\000L\000a\000y\000o\000u\000t}{}% 20
\BOOKMARK [2][-]{subsection.4.1}{\376\377\000G\000e\000o\000m\000e\000t\000r\000y\000\040\000P\000a\000c\000k\000a\000g\000e\000/\000L\000a\000y\000o\000u\000t\000\040\000o\000f\000\040\000t\000h\000e\000\040\000D\000o\000c\000u\000m\000e\000n\000t}{section.4}% 21
\BOOKMARK [2][-]{subsection.4.2}{\376\377\000C\000e\000n\000t\000e\000r\000i\000n\000g}{section.4}% 22
\BOOKMARK [3][-]{subsubsection.4.2.1}{\376\377\000S\000i\000n\000g\000l\000e\000-\000L\000i\000n\000e}{subsection.4.2}% 23
\BOOKMARK [3][-]{subsubsection.4.2.2}{\376\377\000M\000u\000l\000t\000i\000-\000L\000i\000n\000e}{subsection.4.2}% 24
\BOOKMARK [2][-]{subsection.4.3}{\376\377\000S\000p\000a\000c\000i\000n\000g\000\040\000a\000n\000d\000\040\000N\000e\000w\000\040\000P\000a\000g\000e\000s}{section.4}% 25
\BOOKMARK [3][-]{subsubsection.4.3.1}{\376\377\000I\000n\000s\000e\000r\000t\000i\000n\000g\000\040\000H\000o\000r\000i\000z\000o\000n\000t\000a\000l\000\040\000a\000n\000d\000\040\000V\000e\000r\000t\000i\000c\000a\000l\000\040\000S\000p\000a\000c\000e}{subsection.4.3}% 26
\BOOKMARK [3][-]{subsubsection.4.3.2}{\376\377\000P\000a\000g\000e\000\040\000a\000n\000d\000\040\000L\000i\000n\000e\000\040\000B\000r\000e\000a\000k\000s}{subsection.4.3}% 27
\BOOKMARK [3][-]{subsubsection.4.3.3}{\376\377\000I\000n\000d\000e\000n\000t\000i\000n\000g}{subsection.4.3}% 28
\BOOKMARK [3][-]{subsubsection.4.3.4}{\376\377\000L\000i\000n\000e\000\040\000S\000p\000a\000c\000i\000n\000g}{subsection.4.3}% 29
\BOOKMARK [3][-]{subsubsection.4.3.5}{\376\377\000M\000a\000t\000h\000\040\000S\000p\000a\000c\000i\000n\000g}{subsection.4.3}% 30
\BOOKMARK [2][-]{subsection.4.4}{\376\377\000M\000a\000r\000g\000i\000n\000\040\000N\000o\000t\000e\000s}{section.4}% 31
\BOOKMARK [3][-]{subsubsection.4.4.1}{\376\377\000A\000d\000j\000u\000s\000t\000i\000n\000g\000\040\000t\000h\000e\000\040\000W\000i\000d\000t\000h\000\040\000o\000f\000\040\000a\000\040\000M\000a\000r\000g\000i\000n\000\040\000N\000o\000t\000e}{subsection.4.4}% 32
\BOOKMARK [1][-]{section.5}{\376\377\000T\000e\000s\000t\000s\000/\000E\000x\000a\000m\000s}{}% 33
\BOOKMARK [2][-]{subsection.5.1}{\376\377\000M\000a\000t\000h\000\040\000E\000n\000v\000i\000r\000o\000n\000m\000e\000n\000t\000s}{section.5}% 34
\BOOKMARK [2][-]{subsection.5.2}{\376\377\000S\000t\000r\000u\000c\000t\000u\000r\000i\000n\000g}{section.5}% 35
\BOOKMARK [2][-]{subsection.5.3}{\376\377\000W\000r\000i\000t\000i\000n\000g\000\040\000E\000x\000a\000m\000s}{section.5}% 36
\BOOKMARK [3][-]{subsubsection.5.3.1}{\376\377\000Q\000u\000e\000s\000t\000i\000o\000n\000s}{subsection.5.3}% 37
\BOOKMARK [3][-]{subsubsection.5.3.2}{\376\377\000C\000h\000o\000i\000c\000e\000s}{subsection.5.3}% 38
\BOOKMARK [3][-]{subsubsection.5.3.3}{\376\377\000D\000i\000s\000p\000l\000a\000y\000i\000n\000g\000\040\000S\000o\000l\000u\000t\000i\000o\000n\000s}{subsection.5.3}% 39
\BOOKMARK [3][-]{subsubsection.5.3.4}{\376\377\000S\000o\000u\000r\000c\000e\000\040\000C\000o\000d\000e\000\040\000-\000\040\000Q\000u\000e\000s\000t\000i\000o\000n\000s}{subsection.5.3}% 40
\BOOKMARK [3][-]{subsubsection.5.3.5}{\376\377\000S\000o\000u\000r\000c\000e\000\040\000C\000o\000d\000e\000\040\000-\000\040\000Q\000u\000e\000s\000t\000i\000o\000n\000s\000\040\000w\000i\000t\000h\000\040\000I\000m\000a\000g\000e\000\040\000o\000n\000\040\000t\000h\000e\000\040\000s\000i\000d\000e}{subsection.5.3}% 41
\BOOKMARK [2][-]{subsection.5.4}{\376\377\000M\000a\000t\000h\000\040\000C\000o\000m\000m\000a\000n\000d\000s}{section.5}% 42
\BOOKMARK [1][-]{section.6}{\376\377\000L\000i\000s\000t\000\040\000o\000f\000\040\000A\000l\000r\000e\000a\000d\000y\000\040\000D\000e\000f\000i\000n\000e\000d\000\040\000E\000n\000v\000i\000r\000o\000n\000m\000e\000n\000t\000s\000\040\000a\000n\000d\000\040\000M\000a\000c\000r\000o\000s}{}% 43
\BOOKMARK [2][-]{subsection.6.1}{\376\377\000M\000a\000i\000n\000\040\000B\000o\000x\000\040\000E\000n\000v\000i\000r\000o\000n\000m\000e\000n\000t\000s}{section.6}% 44
\BOOKMARK [3][-]{subsubsection.6.1.1}{\376\377\000T\000h\000e\000o\000r\000e\000m\000s}{subsection.6.1}% 45
\BOOKMARK [3][-]{subsubsection.6.1.2}{\376\377\000B\000o\000x\000e\000s\000\040\000f\000o\000r\000\040\000D\000e\000f\000i\000n\000i\000t\000i\000o\000n\000s}{subsection.6.1}% 46
\BOOKMARK [3][-]{subsubsection.6.1.3}{\376\377\000B\000o\000x\000e\000s\000\040\000f\000o\000r\000\040\000E\000x\000a\000m\000p\000l\000e\000s}{subsection.6.1}% 47
\BOOKMARK [3][-]{subsubsection.6.1.4}{\376\377\000B\000o\000x\000e\000s\000\040\000f\000o\000r\000\040\000D\000i\000s\000c\000u\000s\000s\000i\000o\000n\000s}{subsection.6.1}% 48
\BOOKMARK [3][-]{subsubsection.6.1.5}{\376\377\000B\000o\000x\000e\000s\000\040\000f\000o\000r\000\040\000V\000i\000s\000u\000a\000l\000i\000z\000a\000t\000i\000o\000n\000s}{subsection.6.1}% 49
\BOOKMARK [2][-]{subsection.6.2}{\376\377\000E\000x\000t\000r\000a\000\040\000B\000o\000x\000\040\000E\000n\000v\000i\000r\000o\000n\000m\000e\000n\000t}{section.6}% 50
\BOOKMARK [2][-]{subsection.6.3}{\376\377\000E\000x\000t\000r\000a\000\040\000B\000o\000x\000\040\000C\000o\000m\000m\000a\000n\000d\000s}{section.6}% 51
\BOOKMARK [2][-]{subsection.6.4}{\376\377\000C\000o\000m\000m\000a\000n\000d\000s\000\040\000\050\000M\000a\000c\000r\000o\000s\000\051}{section.6}% 52
\BOOKMARK [2][-]{subsection.6.5}{\376\377\000H\000o\000w\000\040\000t\000o\000\040\000D\000e\000f\000i\000n\000e\000\040\000N\000e\000w\000\040\000C\000o\000m\000m\000a\000n\000d\000s\000\040\000\050\000M\000a\000c\000r\000o\000s\000\051\000\040\000a\000n\000d\000\040\000C\000o\000l\000o\000r\000s}{section.6}% 53
\BOOKMARK [1][-]{section.7}{\376\377\000I\000n\000s\000e\000r\000t\000i\000n\000g\000\040\000G\000r\000a\000p\000h\000i\000c\000s}{}% 54
\BOOKMARK [2][-]{subsection.7.1}{\376\377\000E\000a\000s\000i\000e\000s\000t\000\040\000W\000a\000y\000\040\000t\000o\000\040\000I\000n\000s\000e\000r\000t\000\040\000I\000m\000a\000g\000e\000s}{section.7}% 55
\BOOKMARK [2][-]{subsection.7.2}{\376\377\000G\000r\000a\000p\000h\000i\000c\000s\000\040\000P\000a\000t\000h}{section.7}% 56
\BOOKMARK [2][-]{subsection.7.3}{\376\377\000I\000n\000s\000e\000r\000t\000i\000n\000g\000\040\000I\000m\000a\000g\000e\000s}{section.7}% 57
\BOOKMARK [2][-]{subsection.7.4}{\376\377\000I\000m\000a\000g\000e\000\040\000A\000d\000d\000i\000t\000i\000o\000n\000s}{section.7}% 58
\BOOKMARK [2][-]{subsection.7.5}{\376\377\000P\000o\000s\000i\000t\000i\000o\000n\000i\000n\000g\000\040\000a\000n\000\040\000I\000m\000a\000g\000e}{section.7}% 59
\BOOKMARK [1][-]{section.8}{\376\377\000F\000o\000n\000t\000\040\000S\000t\000y\000l\000e\000s}{}% 60
\BOOKMARK [2][-]{subsection.8.1}{\376\377\000F\000o\000n\000t\000\040\000T\000y\000p\000e\000s}{section.8}% 61
\BOOKMARK [1][-]{section.9}{\376\377\000R\000e\000f\000e\000r\000e\000n\000c\000i\000n\000g\000\040\000a\000n\000d\000\040\000D\000o\000c\000u\000m\000e\000n\000t\000a\000t\000i\000o\000n}{}% 62
\BOOKMARK [2][-]{subsection.9.1}{\376\377\000R\000e\000f\000e\000r\000e\000n\000c\000e\000s\000/\000H\000y\000p\000e\000r\000l\000i\000n\000k\000s\000\040\000a\000n\000d\000\040\000F\000o\000r\000m\000a\000t\000t\000i\000n\000g}{section.9}% 63
\BOOKMARK [2][-]{subsection.9.2}{\376\377\000D\000o\000c\000u\000m\000e\000n\000t\000a\000t\000i\000o\000n}{section.9}% 64
\BOOKMARK [2][-]{subsection.9.3}{\376\377\000V\000e\000r\000b\000a\000t\000i\000m}{section.9}% 65
\BOOKMARK [2][-]{subsection.9.4}{\376\377\000S\000o\000u\000r\000c\000e\000\040\000C\000o\000d\000e\000\040\000f\000o\000r\000\040\000t\000h\000e\000\040\000D\000o\000c\000u\000m\000e\000n\000t\000a\000t\000i\000o\000n\000\040\000S\000t\000y\000l\000e\000\040\000u\000s\000e\000d\000\040\000i\000n\000\040\000t\000h\000i\000s\000\040\000P\000D\000F}{section.9}% 66
\BOOKMARK [1][-]{section.10}{\376\377\000C\000o\000m\000m\000o\000n\000\040\000S\000y\000m\000b\000o\000l\000s\000\040\000a\000n\000d\000\040\000F\000u\000n\000c\000t\000i\000o\000n\000s}{}% 67
\BOOKMARK [2][-]{subsection.10.1}{\376\377\000F\000u\000n\000c\000t\000i\000o\000n\000s}{section.10}% 68
\BOOKMARK [2][-]{subsection.10.2}{\376\377\000L\000i\000m\000i\000t\000s\000,\000\040\000I\000n\000t\000e\000g\000r\000a\000l\000s\000,\000\040\000S\000u\000m\000s\000,\000\040\000a\000n\000d\000\040\000F\000r\000a\000c\000t\000i\000o\000n\000s}{section.10}% 69
\BOOKMARK [3][-]{subsubsection.10.2.1}{\376\377\000S\000y\000m\000b\000o\000l\000s}{subsection.10.2}% 70
\BOOKMARK [1][-]{section.11}{\376\377\000B\000i\000b\000l\000i\000o\000g\000r\000a\000p\000h\000y}{}% 71
\BOOKMARK [2][-]{subsection.11.1}{\376\377\000B\000i\000b\000l\000i\000o\000g\000r\000a\000p\000h\000y\000\040\000S\000o\000u\000r\000c\000e\000\040\000C\000o\000d\000e}{section.11}% 72
\BOOKMARK [1][-]{section.12}{\376\377\000M\000i\000s\000c\000e\000l\000l\000a\000n\000e\000o\000u\000s}{}% 73
\BOOKMARK [2][-]{subsection.12.1}{\376\377\000R\000u\000l\000e}{section.12}% 74
\BOOKMARK [1][-]{section.13}{\376\377\000S\000o\000m\000e\000\040\000C\000o\000m\000m\000o\000n\000\040\000E\000r\000r\000o\000r\000s}{}% 75
\BOOKMARK [1][-]{section.14}{\376\377\000F\000u\000r\000t\000h\000e\000r\000\040\000R\000e\000a\000d\000i\000n\000g}{}% 76
\BOOKMARK [2][-]{subsection.14.1}{\376\377\000W\000e\000b\000s\000i\000t\000e\000s\000\040\000a\000n\000d\000\040\000T\000u\000t\000o\000r\000i\000a\000l\000s}{section.14}% 77
\BOOKMARK [2][-]{subsection.14.2}{\376\377\000I\000n\000t\000r\000o\000d\000u\000c\000t\000i\000o\000n\000/\000C\000o\000m\000m\000a\000n\000d\000s\000/\000a\000n\000d\000\040\000O\000v\000e\000r\000a\000l\000l\000\040\000G\000o\000o\000d\000\040\000R\000e\000f\000e\000r\000e\000n\000c\000e\000s}{section.14}% 78
\BOOKMARK [3][-]{subsubsection.14.2.1}{\376\377\000W\000r\000i\000t\000i\000n\000g\000\040\000F\000i\000r\000s\000t\000\040\000D\000o\000c\000u\000m\000e\000n\000t}{subsection.14.2}% 79
\BOOKMARK [3][-]{subsubsection.14.2.2}{\376\377\000B\000r\000i\000e\000f\000\040\000I\000n\000t\000r\000o\000d\000u\000c\000t\000i\000o\000n\000/\000L\000i\000s\000t\000\040\000o\000f\000\040\000C\000o\000m\000m\000a\000n\000d\000s}{subsection.14.2}% 80
\BOOKMARK [3][-]{subsubsection.14.2.3}{\376\377\000I\000n\000-\000D\000e\000p\000t\000h\000\040\000L\000a\000T\000e\000X\000\040\000G\000u\000i\000d\000e}{subsection.14.2}% 81
\BOOKMARK [2][-]{subsection.14.3}{\376\377\000B\000o\000x\000e\000s}{section.14}% 82
\BOOKMARK [2][-]{subsection.14.4}{\376\377\000T\000y\000p\000e\000s\000e\000t\000t\000i\000n\000g\000\040\000M\000a\000t\000h\000\040\000D\000o\000c\000u\000m\000e\000n\000t\000s}{section.14}% 83
\BOOKMARK [3][-]{subsubsection.14.4.1}{\376\377\000C\000r\000e\000a\000t\000i\000n\000g\000\040\000M\000a\000t\000h\000\040\000D\000o\000c\000u\000m\000e\000n\000t\000s}{subsection.14.4}% 84
\BOOKMARK [3][-]{subsubsection.14.4.2}{\376\377\000S\000y\000m\000b\000o\000l\000s}{subsection.14.4}% 85
\BOOKMARK [3][-]{subsubsection.14.4.3}{\376\377\000T\000y\000p\000i\000n\000g\000\040\000M\000a\000t\000h\000\040\000F\000u\000n\000c\000t\000i\000o\000n\000s\000/\000E\000q\000u\000a\000t\000i\000o\000n\000s}{subsection.14.4}% 86
\BOOKMARK [2][-]{subsection.14.5}{\376\377\000G\000r\000a\000p\000h\000i\000c\000s}{section.14}% 87
\BOOKMARK [3][-]{subsubsection.14.5.1}{\376\377\000I\000m\000a\000g\000e\000s}{subsection.14.5}% 88
\BOOKMARK [3][-]{subsubsection.14.5.2}{\376\377\000C\000o\000l\000o\000r\000s}{subsection.14.5}% 89
\BOOKMARK [1][-]{subsubsection.14.5.2}{\376\377\000\040\000\040\000\040\000\040\000R\000e\000f\000e\000r\000e\000n\000c\000e\000s}{}% 90
